<?xml version="1.0" encoding="UTF-8" ?>
<testsuite errors="1" failures="0" hostname="DESKTOP-609AN7M" name="service.NotaServiceTest" skipped="0" tests="1" time="0.0" timestamp="2025-09-30T13:10:58">
  <properties>
[...]
</properties>
  <error message="service.NotaServiceTest" type="java.lang.ClassNotFoundException">java.lang.ClassNotFoundException: service.NotaServiceTest
	at java.base/jdk.internal.loader.BuiltinClassLoader.loadClass(BuiltinClassLoader.java:580)
	at java.base/java.lang.ClassLoader.loadClass(ClassLoader.java:490)
	at java.base/java.lang.Class.forName0(Native Method)
	at java.base/java.lang.Class.forName(Class.java:543)
</error>
  <system-out><![CDATA[]]></system-out>
  <system-err><![CDATA[]]></system-err>
</testsuite>
